SF:lib\filter.dart
DA:17,1
DA:19,1
DA:20,2
DA:22,1
DA:23,1
DA:26,1
DA:28,1
DA:31,1
DA:32,3
DA:33,3
DA:36,1
DA:38,1
DA:40,1
DA:42,1
DA:50,1
DA:52,1
DA:53,2
DA:55,1
DA:57,1
DA:60,1
DA:62,1
DA:65,1
DA:67,3
DA:68,3
DA:71,1
DA:72,1
DA:74,1
DA:75,1
DA:83,1
DA:85,1
DA:91,1
DA:92,1
DA:95,1
DA:96,1
DA:99,0
DA:100,0
DA:103,1
DA:104,1
DA:107,1
DA:108,1
DA:111,1
DA:112,1
DA:115,1
DA:116,1
DA:119,0
DA:120,0
DA:121,0
DA:124,1
DA:125,1
DA:126,1
DA:129,1
DA:130,2
DA:139,2
DA:141,1
DA:143,1
DA:145,1
DA:147,1
DA:148,4
DA:149,2
DA:151,4
DA:158,2
DA:160,1
DA:162,1
DA:164,1
DA:166,1
DA:167,4
DA:168,2
DA:170,4
DA:179,1
DA:181,1
DA:185,6
LF:71
LH:66
end_of_record
SF:lib\constants.dart
DA:78,0
DA:86,0
DA:101,1
DA:102,1
DA:108,0
DA:116,1
DA:117,1
DA:133,2
DA:134,2
DA:135,2
DA:136,2
DA:137,2
DA:138,2
DA:139,2
DA:140,2
DA:143,10
DA:145,12
DA:147,8
DA:149,12
DA:151,2
DA:152,2
DA:153,2
DA:154,2
DA:155,2
DA:156,2
DA:157,2
DA:158,2
DA:159,2
DA:160,2
DA:161,2
DA:162,2
DA:163,2
DA:164,2
DA:165,2
DA:166,2
DA:167,2
DA:168,2
DA:169,2
DA:170,2
DA:171,2
DA:172,2
DA:175,10
DA:177,2
DA:178,2
DA:179,2
DA:180,2
DA:181,2
DA:182,2
DA:183,2
DA:184,2
DA:185,2
DA:186,2
DA:187,2
DA:188,2
DA:189,2
DA:192,10
DA:194,12
DA:196,6
DA:199,1
DA:201,1
DA:212,6
LF:61
LH:58
end_of_record
SF:lib\telephony.dart
DA:15,0
DA:18,0
DA:20,0
DA:21,0
DA:23,0
DA:25,0
DA:27,0
DA:28,0
DA:30,0
DA:31,0
DA:33,0
DA:37,0
DA:48,0
DA:50,2
DA:55,0
DA:58,0
DA:61,0
DA:64,0
DA:68,0
DA:70,0
DA:77,0
DA:80,0
DA:82,0
DA:84,0
DA:87,0
DA:94,0
DA:96,0
DA:97,0
DA:98,0
DA:104,0
DA:105,0
DA:106,0
DA:107,0
DA:109,0
DA:110,0
DA:112,0
DA:113,0
DA:118,1
DA:122,3
DA:123,1
DA:126,3
DA:129,3
DA:130,1
DA:133,1
DA:137,3
DA:138,1
DA:141,3
DA:144,3
DA:145,1
DA:148,1
DA:152,3
DA:153,1
DA:156,3
DA:159,3
DA:160,1
DA:163,1
DA:165,3
DA:166,1
DA:169,3
DA:172,3
DA:173,1
DA:176,1
DA:178,1
DA:181,5
DA:185,2
DA:186,2
DA:189,1
DA:190,5
DA:196,2
DA:202,6
DA:205,1
DA:208,2
DA:214,4
DA:217,1
DA:221,1
DA:225,2
DA:228,1
DA:229,2
DA:231,1
DA:233,3
DA:234,2
DA:237,1
DA:241,1
DA:243,3
DA:244,1
DA:247,1
DA:249,3
DA:250,1
DA:253,1
DA:254,2
DA:256,1
DA:257,2
DA:259,1
DA:261,3
DA:262,1
DA:265,1
DA:266,3
DA:267,1
DA:270,1
DA:271,2
DA:273,1
DA:274,2
DA:276,1
DA:277,3
DA:278,1
DA:281,1
DA:282,2
DA:284,1
DA:286,3
DA:288,3
DA:289,1
DA:292,1
DA:294,3
DA:295,1
DA:298,1
DA:299,2
DA:301,1
DA:302,2
DA:304,1
DA:305,2
DA:322,1
DA:324,1
DA:325,2
DA:326,2
DA:327,1
DA:328,1
DA:329,2
DA:331,1
DA:332,1
DA:334,1
DA:335,1
DA:337,1
DA:338,2
DA:340,0
DA:341,0
DA:343,0
DA:344,0
DA:346,0
DA:347,0
DA:349,0
DA:350,0
DA:351,0
DA:352,0
DA:354,0
DA:355,0
DA:357,0
DA:358,0
DA:362,0
DA:366,0
DA:367,0
DA:369,0
DA:370,0
DA:372,0
DA:373,0
DA:375,0
DA:376,0
DA:382,1
DA:384,3
DA:385,3
DA:386,3
DA:387,3
DA:388,3
DA:389,3
DA:390,3
DA:391,3
DA:392,3
DA:393,3
DA:394,3
DA:395,3
DA:404,1
DA:407,1
DA:408,2
DA:409,2
DA:410,1
DA:411,1
DA:412,1
DA:414,1
DA:415,2
DA:417,1
DA:418,2
DA:424,1
DA:426,3
DA:427,3
DA:428,3
LF:184
LH:125
end_of_record
